-------------------------------------------------------------------------------
Test set: aufgaben.aufgabe1.Aufgabe1Test
-------------------------------------------------------------------------------
Tests run: 6, Failures: 0, Errors: 6, Skipped: 0, Time elapsed: 0.076 s <<< FAILURE! - in aufgaben.aufgabe1.Aufgabe1Test
aufgaben.aufgabe1.Aufgabe1Test.testIfRhombusWithHeight3AndFilled  Time elapsed: 0.029 s  <<< ERROR!
java.lang.Error: 
Unresolved compilation problem: 
	The method printRhombus(int, boolean) is undefined for the type Aufgabe1

	at aufgaben.aufgabe1.Aufgabe1Test.testIfRhombusWithHeight3AndFilled(Aufgabe1Test.java:33)
	at java.base/java.lang.reflect.Method.invoke(Method.java:569)
	at java.base/java.util.ArrayList.forEach(ArrayList.java:1511)
	at java.base/java.util.ArrayList.forEach(ArrayList.java:1511)

aufgaben.aufgabe1.Aufgabe1Test.testIfRhombusWithHeight11AndFilled  Time elapsed: 0.013 s  <<< ERROR!
java.lang.Error: 
Unresolved compilation problem: 
	The method printRhombus(int, boolean) is undefined for the type Aufgabe1

	at aufgaben.aufgabe1.Aufgabe1Test.testIfRhombusWithHeight11AndFilled(Aufgabe1Test.java:67)
	at java.base/java.lang.reflect.Method.invoke(Method.java:569)
	at java.base/java.util.ArrayList.forEach(ArrayList.java:1511)
	at java.base/java.util.ArrayList.forEach(ArrayList.java:1511)

aufgaben.aufgabe1.Aufgabe1Test.testIfRhombusWithHeight11AndUnfilled  Time elapsed: 0 s  <<< ERROR!
java.lang.Error: 
Unresolved compilation problem: 
	The method printRhombus(int, boolean) is undefined for the type Aufgabe1

	at aufgaben.aufgabe1.Aufgabe1Test.testIfRhombusWithHeight11AndUnfilled(Aufgabe1Test.java:84)
	at java.base/java.lang.reflect.Method.invoke(Method.java:569)
	at java.base/java.util.ArrayList.forEach(ArrayList.java:1511)
	at java.base/java.util.ArrayList.forEach(ArrayList.java:1511)

aufgaben.aufgabe1.Aufgabe1Test.testIfRhombusWithHeight3AndUnfilled  Time elapsed: 0 s  <<< ERROR!
java.lang.Error: 
Unresolved compilation problem: 
	The method printRhombus(int, boolean) is undefined for the type Aufgabe1

	at aufgaben.aufgabe1.Aufgabe1Test.testIfRhombusWithHeight3AndUnfilled(Aufgabe1Test.java:41)
	at java.base/java.lang.reflect.Method.invoke(Method.java:569)
	at java.base/java.util.ArrayList.forEach(ArrayList.java:1511)
	at java.base/java.util.ArrayList.forEach(ArrayList.java:1511)

aufgaben.aufgabe1.Aufgabe1Test.testIfRhombusWithHeight5AndUnfilled  Time elapsed: 0 s  <<< ERROR!
java.lang.Error: 
Unresolved compilation problem: 
	The method printRhombus(int, boolean) is undefined for the type Aufgabe1

	at aufgaben.aufgabe1.Aufgabe1Test.testIfRhombusWithHeight5AndUnfilled(Aufgabe1Test.java:58)
	at java.base/java.lang.reflect.Method.invoke(Method.java:569)
	at java.base/java.util.ArrayList.forEach(ArrayList.java:1511)
	at java.base/java.util.ArrayList.forEach(ArrayList.java:1511)

aufgaben.aufgabe1.Aufgabe1Test.testIfRhombusWithHeight5AndFilled  Time elapsed: 0.013 s  <<< ERROR!
java.lang.Error: 
Unresolved compilation problem: 
	The method printRhombus(int, boolean) is undefined for the type Aufgabe1

	at aufgaben.aufgabe1.Aufgabe1Test.testIfRhombusWithHeight5AndFilled(Aufgabe1Test.java:49)
	at java.base/java.lang.reflect.Method.invoke(Method.java:569)
	at java.base/java.util.ArrayList.forEach(ArrayList.java:1511)
	at java.base/java.util.ArrayList.forEach(ArrayList.java:1511)

