<?xml version="1.0" encoding="UTF-8"?>
<testsuite xmlns:xsi="http://www.w3.org/2001/XMLSchema-instance" xsi:noNamespaceSchemaLocation="https://maven.apache.org/surefire/maven-surefire-plugin/xsd/surefire-test-report-3.0.xsd" version="3.0" name="aufgaben.aufgabe1.Aufgabe1Test" time="0.076" tests="6" errors="6" skipped="0" failures="0">
  <properties>
    <property name="java.specification.version" value="17"/>
    <property name="sun.cpu.isalist" value="amd64"/>
    <property name="sun.jnu.encoding" value="Cp1252"/>
    <property name="java.class.path" value="C:\Users\kochs\Documents\FIW\Bachelor\3. Versuch\WiSe24\ProWiSe24\target\test-classes;C:\Users\kochs\Documents\FIW\Bachelor\3. Versuch\WiSe24\ProWiSe24\target\classes;C:\Users\kochs\.m2\repository\org\junit\jupiter\junit-jupiter-engine\5.13.4\junit-jupiter-engine-5.13.4.jar;C:\Users\kochs\.m2\repository\org\junit\platform\junit-platform-engine\1.13.4\junit-platform-engine-1.13.4.jar;C:\Users\kochs\.m2\repository\org\opentest4j\opentest4j\1.3.0\opentest4j-1.3.0.jar;C:\Users\kochs\.m2\repository\org\junit\platform\junit-platform-commons\1.13.4\junit-platform-commons-1.13.4.jar;C:\Users\kochs\.m2\repository\org\junit\jupiter\junit-jupiter-api\5.13.4\junit-jupiter-api-5.13.4.jar;C:\Users\kochs\.m2\repository\org\apiguardian\apiguardian-api\1.1.2\apiguardian-api-1.1.2.jar;"/>
    <property name="java.vm.vendor" value="Eclipse Adoptium"/>
    <property name="sun.arch.data.model" value="64"/>
    <property name="user.variant" value=""/>
    <property name="java.vendor.url" value="https://adoptium.net/"/>
    <property name="user.timezone" value="Europe/Berlin"/>
    <property name="os.name" value="Windows 11"/>
    <property name="java.vm.specification.version" value="17"/>
    <property name="sun.java.launcher" value="SUN_STANDARD"/>
    <property name="user.country" value="DE"/>
    <property name="sun.boot.library.path" value="C:\Program Files\Eclipse Adoptium\jdk-17.0.14.7-hotspot\bin"/>
    <property name="sun.java.command" value="C:\Users\kochs\AppData\Local\Temp\surefire3856619027213970793\surefirebooter-20251021103715268_3.jar C:\Users\kochs\AppData\Local\Temp\surefire3856619027213970793 2025-10-21T10-37-15_111-jvmRun1 surefire-20251021103715268_1tmp surefire_0-20251021103715268_2tmp"/>
    <property name="jdk.debug" value="release"/>
    <property name="surefire.test.class.path" value="C:\Users\kochs\Documents\FIW\Bachelor\3. Versuch\WiSe24\ProWiSe24\target\test-classes;C:\Users\kochs\Documents\FIW\Bachelor\3. Versuch\WiSe24\ProWiSe24\target\classes;C:\Users\kochs\.m2\repository\org\junit\jupiter\junit-jupiter-engine\5.13.4\junit-jupiter-engine-5.13.4.jar;C:\Users\kochs\.m2\repository\org\junit\platform\junit-platform-engine\1.13.4\junit-platform-engine-1.13.4.jar;C:\Users\kochs\.m2\repository\org\opentest4j\opentest4j\1.3.0\opentest4j-1.3.0.jar;C:\Users\kochs\.m2\repository\org\junit\platform\junit-platform-commons\1.13.4\junit-platform-commons-1.13.4.jar;C:\Users\kochs\.m2\repository\org\junit\jupiter\junit-jupiter-api\5.13.4\junit-jupiter-api-5.13.4.jar;C:\Users\kochs\.m2\repository\org\apiguardian\apiguardian-api\1.1.2\apiguardian-api-1.1.2.jar;"/>
    <property name="sun.cpu.endian" value="little"/>
    <property name="user.home" value="C:\Users\kochs"/>
    <property name="user.language" value="de"/>
    <property name="java.specification.vendor" value="Oracle Corporation"/>
    <property name="java.version.date" value="2025-01-21"/>
    <property name="java.home" value="C:\Program Files\Eclipse Adoptium\jdk-17.0.14.7-hotspot"/>
    <property name="file.separator" value="\"/>
    <property name="basedir" value="C:\Users\kochs\Documents\FIW\Bachelor\3. Versuch\WiSe24\ProWiSe24"/>
    <property name="java.vm.compressedOopsMode" value="Zero based"/>
    <property name="line.separator" value="&#10;"/>
    <property name="java.vm.specification.vendor" value="Oracle Corporation"/>
    <property name="java.specification.name" value="Java Platform API Specification"/>
    <property name="surefire.real.class.path" value="C:\Users\kochs\AppData\Local\Temp\surefire3856619027213970793\surefirebooter-20251021103715268_3.jar"/>
    <property name="user.script" value=""/>
    <property name="sun.management.compiler" value="HotSpot 64-Bit Tiered Compilers"/>
    <property name="java.runtime.version" value="17.0.14+7"/>
    <property name="user.name" value="kochs"/>
    <property name="path.separator" value=";"/>
    <property name="os.version" value="10.0"/>
    <property name="java.runtime.name" value="OpenJDK Runtime Environment"/>
    <property name="file.encoding" value="Cp1252"/>
    <property name="java.vm.name" value="OpenJDK 64-Bit Server VM"/>
    <property name="java.vendor.version" value="Temurin-17.0.14+7"/>
    <property name="localRepository" value="C:\Users\kochs\.m2\repository"/>
    <property name="java.vendor.url.bug" value="https://github.com/adoptium/adoptium-support/issues"/>
    <property name="java.io.tmpdir" value="C:\Users\kochs\AppData\Local\Temp\"/>
    <property name="java.version" value="17.0.14"/>
    <property name="user.dir" value="C:\Users\kochs\Documents\FIW\Bachelor\3. Versuch\WiSe24\ProWiSe24"/>
    <property name="os.arch" value="amd64"/>
    <property name="java.vm.specification.name" value="Java Virtual Machine Specification"/>
    <property name="sun.os.patch.level" value=""/>
    <property name="native.encoding" value="Cp1252"/>
    <property name="java.library.path" value="C:\Program Files\Eclipse Adoptium\jdk-17.0.14.7-hotspot\bin;C:\WINDOWS\Sun\Java\bin;C:\WINDOWS\system32;C:\WINDOWS;C:\Program Files\Eclipse Adoptium\jdk-17.0.14.7-hotspot\bin;C:\Python311\Scripts\;C:\Python311\;C:\WINDOWS\system32;C:\WINDOWS;C:\WINDOWS\System32\Wbem;C:\WINDOWS\System32\WindowsPowerShell\v1.0\;C:\WINDOWS\System32\OpenSSH\;C:\Program Files\Git\cmd;C:\ProgramData\chocolatey\bin;C:\Program Files\nodejs\;C:\Users\kochs\Programming\apache-maven-3.8.6\bin;C:\Users\kochs\IdeaProjects\FIWProject-Vostura\openlogic-openjdk-8u352-b08-windows-64;JAVA_HOME;C:\Users\kochs\AppData\Roaming\npm;C:\Users\kochs\AppData\Local\Microsoft\WindowsApps;C:\Users\kochs\AppData\Local\Programs\Microsoft VS Code\bin;;."/>
    <property name="java.vm.info" value="mixed mode, sharing"/>
    <property name="java.vendor" value="Eclipse Adoptium"/>
    <property name="java.vm.version" value="17.0.14+7"/>
    <property name="java.specification.maintenance.version" value="1"/>
    <property name="sun.io.unicode.encoding" value="UnicodeLittle"/>
    <property name="java.class.version" value="61.0"/>
  </properties>
  <testcase name="testIfRhombusWithHeight3AndFilled" classname="aufgaben.aufgabe1.Aufgabe1Test" time="0.029">
    <error message="Unresolved compilation problem: &#10;	The method printRhombus(int, boolean) is undefined for the type Aufgabe1&#10;" type="java.lang.Error"><![CDATA[java.lang.Error: 
Unresolved compilation problem: 
	The method printRhombus(int, boolean) is undefined for the type Aufgabe1

	at aufgaben.aufgabe1.Aufgabe1Test.testIfRhombusWithHeight3AndFilled(Aufgabe1Test.java:33)
	at java.base/java.lang.reflect.Method.invoke(Method.java:569)
	at java.base/java.util.ArrayList.forEach(ArrayList.java:1511)
	at java.base/java.util.ArrayList.forEach(ArrayList.java:1511)
]]></error>
  </testcase>
  <testcase name="testIfRhombusWithHeight11AndFilled" classname="aufgaben.aufgabe1.Aufgabe1Test" time="0.013">
    <error message="Unresolved compilation problem: &#10;	The method printRhombus(int, boolean) is undefined for the type Aufgabe1&#10;" type="java.lang.Error"><![CDATA[java.lang.Error: 
Unresolved compilation problem: 
	The method printRhombus(int, boolean) is undefined for the type Aufgabe1

	at aufgaben.aufgabe1.Aufgabe1Test.testIfRhombusWithHeight11AndFilled(Aufgabe1Test.java:67)
	at java.base/java.lang.reflect.Method.invoke(Method.java:569)
	at java.base/java.util.ArrayList.forEach(ArrayList.java:1511)
	at java.base/java.util.ArrayList.forEach(ArrayList.java:1511)
]]></error>
  </testcase>
  <testcase name="testIfRhombusWithHeight11AndUnfilled" classname="aufgaben.aufgabe1.Aufgabe1Test" time="0">
    <error message="Unresolved compilation problem: &#10;	The method printRhombus(int, boolean) is undefined for the type Aufgabe1&#10;" type="java.lang.Error"><![CDATA[java.lang.Error: 
Unresolved compilation problem: 
	The method printRhombus(int, boolean) is undefined for the type Aufgabe1

	at aufgaben.aufgabe1.Aufgabe1Test.testIfRhombusWithHeight11AndUnfilled(Aufgabe1Test.java:84)
	at java.base/java.lang.reflect.Method.invoke(Method.java:569)
	at java.base/java.util.ArrayList.forEach(ArrayList.java:1511)
	at java.base/java.util.ArrayList.forEach(ArrayList.java:1511)
]]></error>
  </testcase>
  <testcase name="testIfRhombusWithHeight3AndUnfilled" classname="aufgaben.aufgabe1.Aufgabe1Test" time="0">
    <error message="Unresolved compilation problem: &#10;	The method printRhombus(int, boolean) is undefined for the type Aufgabe1&#10;" type="java.lang.Error"><![CDATA[java.lang.Error: 
Unresolved compilation problem: 
	The method printRhombus(int, boolean) is undefined for the type Aufgabe1

	at aufgaben.aufgabe1.Aufgabe1Test.testIfRhombusWithHeight3AndUnfilled(Aufgabe1Test.java:41)
	at java.base/java.lang.reflect.Method.invoke(Method.java:569)
	at java.base/java.util.ArrayList.forEach(ArrayList.java:1511)
	at java.base/java.util.ArrayList.forEach(ArrayList.java:1511)
]]></error>
  </testcase>
  <testcase name="testIfRhombusWithHeight5AndUnfilled" classname="aufgaben.aufgabe1.Aufgabe1Test" time="0">
    <error message="Unresolved compilation problem: &#10;	The method printRhombus(int, boolean) is undefined for the type Aufgabe1&#10;" type="java.lang.Error"><![CDATA[java.lang.Error: 
Unresolved compilation problem: 
	The method printRhombus(int, boolean) is undefined for the type Aufgabe1

	at aufgaben.aufgabe1.Aufgabe1Test.testIfRhombusWithHeight5AndUnfilled(Aufgabe1Test.java:58)
	at java.base/java.lang.reflect.Method.invoke(Method.java:569)
	at java.base/java.util.ArrayList.forEach(ArrayList.java:1511)
	at java.base/java.util.ArrayList.forEach(ArrayList.java:1511)
]]></error>
  </testcase>
  <testcase name="testIfRhombusWithHeight5AndFilled" classname="aufgaben.aufgabe1.Aufgabe1Test" time="0.013">
    <error message="Unresolved compilation problem: &#10;	The method printRhombus(int, boolean) is undefined for the type Aufgabe1&#10;" type="java.lang.Error"><![CDATA[java.lang.Error: 
Unresolved compilation problem: 
	The method printRhombus(int, boolean) is undefined for the type Aufgabe1

	at aufgaben.aufgabe1.Aufgabe1Test.testIfRhombusWithHeight5AndFilled(Aufgabe1Test.java:49)
	at java.base/java.lang.reflect.Method.invoke(Method.java:569)
	at java.base/java.util.ArrayList.forEach(ArrayList.java:1511)
	at java.base/java.util.ArrayList.forEach(ArrayList.java:1511)
]]></error>
  </testcase>
</testsuite>