<?xml version="1.0" encoding="UTF-8"?>
<testsuite xmlns:xsi="http://www.w3.org/2001/XMLSchema-instance" xsi:noNamespaceSchemaLocation="https://maven.apache.org/surefire/maven-surefire-plugin/xsd/surefire-test-report-3.0.xsd" version="3.0" name="aufgaben.aufgabe1.Aufgabe1Test" time="0.076" tests="6" errors="6" skipped="0" failures="0">
  <properties>
[...]
</properties>
  <testcase name="testIfRhombusWithHeight3AndFilled" classname="aufgaben.aufgabe1.Aufgabe1Test" time="0.029">
    <error message="Unresolved compilation problem: &#10;	The method printRhombus(int, boolean) is undefined for the type Aufgabe1&#10;" type="java.lang.Error"><![CDATA[java.lang.Error: 
Unresolved compilation problem: 
	The method printRhombus(int, boolean) is undefined for the type Aufgabe1

	at aufgaben.aufgabe1.Aufgabe1Test.testIfRhombusWithHeight3AndFilled(Aufgabe1Test.java:33)
	at java.base/java.lang.reflect.Method.invoke(Method.java:569)
	at java.base/java.util.ArrayList.forEach(ArrayList.java:1511)
	at java.base/java.util.ArrayList.forEach(ArrayList.java:1511)
]]></error>
  </testcase>
  <testcase name="testIfRhombusWithHeight11AndFilled" classname="aufgaben.aufgabe1.Aufgabe1Test" time="0.013">
    <error message="Unresolved compilation problem: &#10;	The method printRhombus(int, boolean) is undefined for the type Aufgabe1&#10;" type="java.lang.Error"><![CDATA[java.lang.Error: 
Unresolved compilation problem: 
	The method printRhombus(int, boolean) is undefined for the type Aufgabe1

	at aufgaben.aufgabe1.Aufgabe1Test.testIfRhombusWithHeight11AndFilled(Aufgabe1Test.java:67)
	at java.base/java.lang.reflect.Method.invoke(Method.java:569)
	at java.base/java.util.ArrayList.forEach(ArrayList.java:1511)
	at java.base/java.util.ArrayList.forEach(ArrayList.java:1511)
]]></error>
  </testcase>
  <testcase name="testIfRhombusWithHeight11AndUnfilled" classname="aufgaben.aufgabe1.Aufgabe1Test" time="0">
    <error message="Unresolved compilation problem: &#10;	The method printRhombus(int, boolean) is undefined for the type Aufgabe1&#10;" type="java.lang.Error"><![CDATA[java.lang.Error: 
Unresolved compilation problem: 
	The method printRhombus(int, boolean) is undefined for the type Aufgabe1

	at aufgaben.aufgabe1.Aufgabe1Test.testIfRhombusWithHeight11AndUnfilled(Aufgabe1Test.java:84)
	at java.base/java.lang.reflect.Method.invoke(Method.java:569)
	at java.base/java.util.ArrayList.forEach(ArrayList.java:1511)
	at java.base/java.util.ArrayList.forEach(ArrayList.java:1511)
]]></error>
  </testcase>
  <testcase name="testIfRhombusWithHeight3AndUnfilled" classname="aufgaben.aufgabe1.Aufgabe1Test" time="0">
    <error message="Unresolved compilation problem: &#10;	The method printRhombus(int, boolean) is undefined for the type Aufgabe1&#10;" type="java.lang.Error"><![CDATA[java.lang.Error: 
Unresolved compilation problem: 
	The method printRhombus(int, boolean) is undefined for the type Aufgabe1

	at aufgaben.aufgabe1.Aufgabe1Test.testIfRhombusWithHeight3AndUnfilled(Aufgabe1Test.java:41)
	at java.base/java.lang.reflect.Method.invoke(Method.java:569)
	at java.base/java.util.ArrayList.forEach(ArrayList.java:1511)
	at java.base/java.util.ArrayList.forEach(ArrayList.java:1511)
]]></error>
  </testcase>
  <testcase name="testIfRhombusWithHeight5AndUnfilled" classname="aufgaben.aufgabe1.Aufgabe1Test" time="0">
    <error message="Unresolved compilation problem: &#10;	The method printRhombus(int, boolean) is undefined for the type Aufgabe1&#10;" type="java.lang.Error"><![CDATA[java.lang.Error: 
Unresolved compilation problem: 
	The method printRhombus(int, boolean) is undefined for the type Aufgabe1

	at aufgaben.aufgabe1.Aufgabe1Test.testIfRhombusWithHeight5AndUnfilled(Aufgabe1Test.java:58)
	at java.base/java.lang.reflect.Method.invoke(Method.java:569)
	at java.base/java.util.ArrayList.forEach(ArrayList.java:1511)
	at java.base/java.util.ArrayList.forEach(ArrayList.java:1511)
]]></error>
  </testcase>
  <testcase name="testIfRhombusWithHeight5AndFilled" classname="aufgaben.aufgabe1.Aufgabe1Test" time="0.013">
    <error message="Unresolved compilation problem: &#10;	The method printRhombus(int, boolean) is undefined for the type Aufgabe1&#10;" type="java.lang.Error"><![CDATA[java.lang.Error: 
Unresolved compilation problem: 
	The method printRhombus(int, boolean) is undefined for the type Aufgabe1

	at aufgaben.aufgabe1.Aufgabe1Test.testIfRhombusWithHeight5AndFilled(Aufgabe1Test.java:49)
	at java.base/java.lang.reflect.Method.invoke(Method.java:569)
	at java.base/java.util.ArrayList.forEach(ArrayList.java:1511)
	at java.base/java.util.ArrayList.forEach(ArrayList.java:1511)
]]></error>
  </testcase>
</testsuite>